{"C:\\Users\\alikhan2\\Documents\\LLOYD Onboarding\\Final_project with unit testing\\Node_Application_Alisha\\src\\app.ts": {"path":"C:\\Users\\alikhan2\\Documents\\LLOYD Onboarding\\Final_project with unit testing\\Node_Application_Alisha\\src\\app.ts","statementMap":{"0":{"start":{"line":1,"column":0},"end":{"line":1,"column":30}},"1":{"start":{"line":2,"column":0},"end":{"line":2,"column":41}},"2":{"start":{"line":3,"column":0},"end":{"line":3,"column":51}},"3":{"start":{"line":4,"column":0},"end":{"line":4,"column":43}},"4":{"start":{"line":5,"column":0},"end":{"line":5,"column":50}},"5":{"start":{"line":7,"column":12},"end":{"line":7,"column":21}},"6":{"start":{"line":10,"column":0},"end":{"line":10,"column":72}},"7":{"start":{"line":12,"column":0},"end":{"line":12,"column":16}},"8":{"start":{"line":14,"column":0},"end":{"line":14,"column":16}},"9":{"start":{"line":15,"column":0},"end":{"line":15,"column":16}},"10":{"start":{"line":16,"column":0},"end":{"line":16,"column":36}}},"fnMap":{},"branchMap":{"0":{"loc":{"start":{"line":16,"column":11},"end":{"line":16,"column":34}},"type":"binary-expr","locations":[{"start":{"line":16,"column":11},"end":{"line":16,"column":27}},{"start":{"line":16,"column":30},"end":{"line":16,"column":34}}]}},"s":{"0":1,"1":1,"2":1,"3":1,"4":1,"5":1,"6":1,"7":1,"8":1,"9":1,"10":1},"f":{},"b":{"0":[1,1]}}
,"C:\\Users\\alikhan2\\Documents\\LLOYD Onboarding\\Final_project with unit testing\\Node_Application_Alisha\\src\\config\\config.ts": {"path":"C:\\Users\\alikhan2\\Documents\\LLOYD Onboarding\\Final_project with unit testing\\Node_Application_Alisha\\src\\config\\config.ts","statementMap":{"0":{"start":{"line":1,"column":13},"end":{"line":1,"column":100}}},"fnMap":{},"branchMap":{},"s":{"0":4},"f":{},"b":{}}
,"C:\\Users\\alikhan2\\Documents\\LLOYD Onboarding\\Final_project with unit testing\\Node_Application_Alisha\\src\\controllers\\error.ts": {"path":"C:\\Users\\alikhan2\\Documents\\LLOYD Onboarding\\Final_project with unit testing\\Node_Application_Alisha\\src\\controllers\\error.ts","statementMap":{"0":{"start":{"line":3,"column":22},"end":{"line":5,"column":1}},"1":{"start":{"line":4,"column":8},"end":{"line":4,"column":60}},"2":{"start":{"line":3,"column":13},"end":{"line":3,"column":22}},"3":{"start":{"line":8,"column":13},"end":{"line":8,"column":22}}},"fnMap":{"0":{"name":"(anonymous_0)","decl":{"start":{"line":3,"column":22},"end":{"line":3,"column":27}},"loc":{"start":{"line":3,"column":80},"end":{"line":5,"column":1}}}},"branchMap":{},"s":{"0":2,"1":1,"2":2,"3":2},"f":{"0":1},"b":{}}
,"C:\\Users\\alikhan2\\Documents\\LLOYD Onboarding\\Final_project with unit testing\\Node_Application_Alisha\\src\\controllers\\userController.ts": {"path":"C:\\Users\\alikhan2\\Documents\\LLOYD Onboarding\\Final_project with unit testing\\Node_Application_Alisha\\src\\controllers\\userController.ts","statementMap":{"0":{"start":{"line":2,"column":0},"end":{"line":2,"column":null}},"1":{"start":{"line":9,"column":24},"end":{"line":22,"column":1}},"2":{"start":{"line":10,"column":2},"end":{"line":21,"column":null}},"3":{"start":{"line":11,"column":16},"end":{"line":11,"column":38}},"4":{"start":{"line":12,"column":4},"end":{"line":14,"column":7}},"5":{"start":{"line":16,"column":4},"end":{"line":16,"column":23}},"6":{"start":{"line":17,"column":4},"end":{"line":19,"column":null}},"7":{"start":{"line":18,"column":6},"end":{"line":18,"column":29}},"8":{"start":{"line":20,"column":4},"end":{"line":20,"column":16}},"9":{"start":{"line":9,"column":13},"end":{"line":9,"column":24}},"10":{"start":{"line":25,"column":38},"end":{"line":40,"column":1}},"11":{"start":{"line":27,"column":19},"end":{"line":27,"column":42}},"12":{"start":{"line":28,"column":2},"end":{"line":39,"column":null}},"13":{"start":{"line":29,"column":25},"end":{"line":29,"column":60}},"14":{"start":{"line":30,"column":4},"end":{"line":32,"column":7}},"15":{"start":{"line":34,"column":4},"end":{"line":34,"column":23}},"16":{"start":{"line":35,"column":4},"end":{"line":37,"column":null}},"17":{"start":{"line":36,"column":6},"end":{"line":36,"column":29}},"18":{"start":{"line":38,"column":4},"end":{"line":38,"column":16}},"19":{"start":{"line":25,"column":13},"end":{"line":25,"column":38}},"20":{"start":{"line":43,"column":26},"end":{"line":62,"column":1}},"21":{"start":{"line":49,"column":25},"end":{"line":49,"column":44}},"22":{"start":{"line":50,"column":2},"end":{"line":61,"column":null}},"23":{"start":{"line":51,"column":18},"end":{"line":51,"column":51}},"24":{"start":{"line":52,"column":4},"end":{"line":54,"column":7}},"25":{"start":{"line":56,"column":4},"end":{"line":56,"column":23}},"26":{"start":{"line":57,"column":4},"end":{"line":59,"column":null}},"27":{"start":{"line":58,"column":6},"end":{"line":58,"column":29}},"28":{"start":{"line":60,"column":4},"end":{"line":60,"column":16}},"29":{"start":{"line":43,"column":13},"end":{"line":43,"column":26}}},"fnMap":{"0":{"name":"(anonymous_0)","decl":{"start":{"line":9,"column":24},"end":{"line":9,"column":29}},"loc":{"start":{"line":9,"column":80},"end":{"line":22,"column":1}}},"1":{"name":"(anonymous_1)","decl":{"start":{"line":25,"column":38},"end":{"line":25,"column":43}},"loc":{"start":{"line":25,"column":94},"end":{"line":40,"column":1}}},"2":{"name":"(anonymous_2)","decl":{"start":{"line":43,"column":26},"end":{"line":43,"column":31}},"loc":{"start":{"line":47,"column":4},"end":{"line":62,"column":1}}}},"branchMap":{"0":{"loc":{"start":{"line":17,"column":4},"end":{"line":19,"column":null}},"type":"if","locations":[{"start":{"line":17,"column":4},"end":{"line":19,"column":null}}]},"1":{"loc":{"start":{"line":35,"column":4},"end":{"line":37,"column":null}},"type":"if","locations":[{"start":{"line":35,"column":4},"end":{"line":37,"column":null}}]},"2":{"loc":{"start":{"line":57,"column":4},"end":{"line":59,"column":null}},"type":"if","locations":[{"start":{"line":57,"column":4},"end":{"line":59,"column":null}}]}},"s":{"0":3,"1":3,"2":1,"3":1,"4":1,"5":1,"6":1,"7":1,"8":1,"9":3,"10":3,"11":1,"12":1,"13":1,"14":0,"15":1,"16":1,"17":1,"18":1,"19":3,"20":3,"21":1,"22":1,"23":1,"24":0,"25":1,"26":1,"27":1,"28":1,"29":3},"f":{"0":1,"1":1,"2":1},"b":{"0":[1],"1":[1],"2":[1]}}
,"C:\\Users\\alikhan2\\Documents\\LLOYD Onboarding\\Final_project with unit testing\\Node_Application_Alisha\\src\\models\\userModel.ts": {"path":"C:\\Users\\alikhan2\\Documents\\LLOYD Onboarding\\Final_project with unit testing\\Node_Application_Alisha\\src\\models\\userModel.ts","statementMap":{"0":{"start":{"line":2,"column":0},"end":{"line":2,"column":13}}},"fnMap":{},"branchMap":{},"s":{"0":1},"f":{},"b":{}}
,"C:\\Users\\alikhan2\\Documents\\LLOYD Onboarding\\Final_project with unit testing\\Node_Application_Alisha\\src\\routes\\userRoutes.ts": {"path":"C:\\Users\\alikhan2\\Documents\\LLOYD Onboarding\\Final_project with unit testing\\Node_Application_Alisha\\src\\routes\\userRoutes.ts","statementMap":{"0":{"start":{"line":1,"column":0},"end":{"line":1,"column":30}},"1":{"start":{"line":2,"column":0},"end":{"line":2,"column":91}},"2":{"start":{"line":3,"column":15},"end":{"line":3,"column":31}},"3":{"start":{"line":5,"column":0},"end":{"line":5,"column":31}},"4":{"start":{"line":6,"column":0},"end":{"line":6,"column":45}},"5":{"start":{"line":7,"column":0},"end":{"line":7,"column":56}},"6":{"start":{"line":10,"column":0},"end":{"line":10,"column":16}}},"fnMap":{},"branchMap":{},"s":{"0":2,"1":2,"2":2,"3":2,"4":2,"5":2,"6":2},"f":{},"b":{}}
,"C:\\Users\\alikhan2\\Documents\\LLOYD Onboarding\\Final_project with unit testing\\Node_Application_Alisha\\src\\service\\userService.ts": {"path":"C:\\Users\\alikhan2\\Documents\\LLOYD Onboarding\\Final_project with unit testing\\Node_Application_Alisha\\src\\service\\userService.ts","statementMap":{"0":{"start":{"line":1,"column":0},"end":{"line":1,"column":45}},"1":{"start":{"line":2,"column":0},"end":{"line":2,"column":43}},"2":{"start":{"line":6,"column":27},"end":{"line":6,"column":29}},"3":{"start":{"line":12,"column":30},"end":{"line":12,"column":54}},"4":{"start":{"line":13,"column":22},"end":{"line":13,"column":33}},"5":{"start":{"line":14,"column":2},"end":{"line":14,"column":15}},"6":{"start":{"line":11,"column":0},"end":{"line":11,"column":7}},"7":{"start":{"line":18,"column":25},"end":{"line":18,"column":33}},"8":{"start":{"line":19,"column":30},"end":{"line":20,"column":null}},"9":{"start":{"line":22,"column":25},"end":{"line":22,"column":36}},"10":{"start":{"line":24,"column":2},"end":{"line":24,"column":17}},"11":{"start":{"line":17,"column":0},"end":{"line":17,"column":7}},"12":{"start":{"line":28,"column":30},"end":{"line":28,"column":54}},"13":{"start":{"line":29,"column":13},"end":{"line":29,"column":32}},"14":{"start":{"line":30,"column":22},"end":{"line":30,"column":54}},"15":{"start":{"line":31,"column":2},"end":{"line":31,"column":19}},"16":{"start":{"line":32,"column":23},"end":{"line":32,"column":53}},"17":{"start":{"line":33,"column":2},"end":{"line":33,"column":29}},"18":{"start":{"line":34,"column":2},"end":{"line":34,"column":15}},"19":{"start":{"line":27,"column":0},"end":{"line":27,"column":7}}},"fnMap":{"0":{"name":"getUserService","decl":{"start":{"line":11,"column":22},"end":{"line":11,"column":36}},"loc":{"start":{"line":11,"column":36},"end":{"line":15,"column":1}}},"1":{"name":"getWeatherService","decl":{"start":{"line":17,"column":22},"end":{"line":17,"column":39}},"loc":{"start":{"line":17,"column":56},"end":{"line":25,"column":1}}},"2":{"name":"getUserWithWeatherService","decl":{"start":{"line":27,"column":22},"end":{"line":27,"column":47}},"loc":{"start":{"line":27,"column":58},"end":{"line":35,"column":1}}}},"branchMap":{},"s":{"0":4,"1":4,"2":4,"3":1,"4":1,"5":1,"6":4,"7":3,"8":3,"9":2,"10":2,"11":4,"12":2,"13":2,"14":2,"15":1,"16":1,"17":1,"18":1,"19":4},"f":{"0":1,"1":3,"2":2},"b":{}}
}
